<cibotConfig>

    <thumbi enabled="false">
        <connectionUri>usb://NXT_A</connectionUri>
        <timeout>10000</timeout>
    </thumbi>

    <feedReader>
        <logins>
            <login id="jenkins" user="develop" password="pw123"/>
        </logins>

        <feeds>
            <feed>http://JENKINS_HOST:8080/jenkins/job/NAME_OF_THE_JOB1/rssAll</feed>
            <feed login="jenkins">http://JENKINS_HOST:8080/jenkins/job/NAME_OF_THE_JOB2/rssAll</feed>
        </feeds>

        <statusMapping status="BUILD_OK">
            <text>stabil</text>
            <text>back to normal</text>
        </statusMapping>

        <statusMapping status="BUILD_UNSTABLE">
            <text>tests failures</text>
        </statusMapping>
    </feedReader>

</cibotConfig>