<cibotConfig>

    <thumbi>
        <connectionUri>usb://NXT_A</connectionUri>
        <timeout>10000</timeout>
    </thumbi>

    <feedReader>
        <feeds>
            <feed>http://JENKINS_HOST:8080/jenkins/job/NAME_OF_THE_JOB1/rssAll</feed>
            <feed>http://JENKINS_HOST:8080/jenkins/job/NAME_OF_THE_JOB2/rssAll</feed>
        </feeds>

        <statusMapping status="BUILD_OK">
            <text>stabil</text>
            <text>back to normal</text>
        </statusMapping>

        <statusMapping status="BUILD_UNSTABLE">
            <text>tests failures</text>
        </statusMapping>


    </feedReader>

</cibotConfig>